<?xml version="1.0" encoding="UTF-8"?>
<!-- Generated by org.testng.reporters.JUnitReportReporter -->
<testsuite skipped="0" hostname="DESKTOP-803K56V" name="com.OrangeHRM.testCases.TC001_VerifyDashboardText" tests="1" failures="0" timestamp="12 Feb 2023 15:38:02 GMT" time="7.250" errors="0">
  <testcase name="checkDashboardText" time="7.250" classname="com.OrangeHRM.testCases.TC001_VerifyDashboardText"/>
</testsuite> <!-- com.OrangeHRM.testCases.TC001_VerifyDashboardText -->
